.\gradlew : WARNING: A restricted method in java.lang.System has been called
At line:1 char:1
+ .\gradlew lintDebug 2>&1 | Out-File -FilePath lint-output-2.txt -Enco ...
+ ~~~~~~~~~~~~~~~~~~~~~~~~
    + CategoryInfo          : NotSpecified: (WARNING: A rest...has been called:String) [], RemoteException
    + FullyQualifiedErrorId : NativeCommandError
 
WARNING: java.lang.System::load has been called by net.rubygrapefruit.platform.internal.NativeLibraryLoader in an 
unnamed module (file:/C:/Users/Classic/.gradle/wrapper/dists/gradle-8.14.2-bin/2pb3mgt1p815evrl3weanttgr/gradle-8.14.2/
lib/native-platform-0.22-milestone-28.jar)
WARNING: Use --enable-native-access=ALL-UNNAMED to avoid a warning for callers in this module
WARNING: Restricted methods will be blocked in a future release unless native access is enabled

Starting a Gradle Daemon, 1 stopped Daemon could not be reused, use --status for details
> Task :app:preBuild UP-TO-DATE
> Task :app:preDebugBuild UP-TO-DATE
> Task :app:generateDebugBuildConfig UP-TO-DATE
> Task :app:checkDebugAarMetadata UP-TO-DATE
> Task :app:generateDebugResValues UP-TO-DATE
> Task :app:mapDebugSourceSetPaths UP-TO-DATE
> Task :app:generateDebugResources UP-TO-DATE
> Task :app:mergeDebugResources UP-TO-DATE
> Task :app:packageDebugResources UP-TO-DATE
> Task :app:parseDebugLocalResources UP-TO-DATE
> Task :app:createDebugCompatibleScreenManifests UP-TO-DATE
> Task :app:extractDeepLinksDebug UP-TO-DATE
> Task :app:processDebugMainManifest UP-TO-DATE
> Task :app:processDebugManifest UP-TO-DATE
> Task :app:processDebugManifestForPackage UP-TO-DATE
> Task :app:processDebugResources UP-TO-DATE
> Task :app:compileDebugKotlin NO-SOURCE
> Task :app:javaPreCompileDebug UP-TO-DATE

> Task :app:compileDebugJavaWithJavac
Note: Some input files use or override a deprecated API.
Note: Recompile with -Xlint:deprecation for details.

> Task :app:preDebugAndroidTestBuild SKIPPED
> Task :app:generateDebugAndroidTestResValues UP-TO-DATE
> Task :app:extractProguardFiles UP-TO-DATE
> Task :app:generateDebugLintReportModel
> Task :app:preDebugUnitTestBuild UP-TO-DATE
> Task :app:bundleDebugClassesToCompileJar
> Task :app:generateDebugAndroidTestLintModel
> Task :app:generateDebugUnitTestLintModel
> Task :app:lintAnalyzeDebugAndroidTest
> Task :app:lintAnalyzeDebugUnitTest
> Task :app:lintAnalyzeDebug

> Task :app:lintReportDebug
Wrote HTML report to file:///C:/Users/Classic/Downloads/KGPT-main%20(2)/KGPT-main/app/build/reports/lint-results-debug.html
Lint found 2 errors and 820 warnings. First failure:
C:\Users\Classic\Downloads\KGPT-main (2)\KGPT-main\app\src\main\java\tn\eluea\kgpt\hook\TextSelectionHook.java:282: Error: resultReceiver is missing RECEIVER_EXPORTED or RECEIVER_NOT_EXPORTED flag for unprotected broadcasts registered for tn.eluea.kgpt.TEXT_ACTION_RESPONSE [UnspecifiedRegisterReceiverFlag]
                context.registerReceiver(resultReceiver, filter);
                ~~~~~~~~~~~~~~~~~~~~~~~~~~~~~~~~~~~~~~~~~~~~~~~~


> Task :app:lintDebug FAILED
Lint found 2 errors, 820 warnings. First failure:

C:\Users\Classic\Downloads\KGPT-main (2)\KGPT-main\app\src\main\java\tn\eluea\kgpt\hook\TextSelectionHook.java:282: Error: resultReceiver is missing RECEIVER_EXPORTED or RECEIVER_NOT_EXPORTED flag for unprotected broadcasts registered for tn.eluea.kgpt.TEXT_ACTION_RESPONSE [UnspecifiedRegisterReceiverFlag]
                context.registerReceiver(resultReceiver, filter);
                ~~~~~~~~~~~~~~~~~~~~~~~~~~~~~~~~~~~~~~~~~~~~~~~~

The full lint text report is located at:
  C:\Users\Classic\Downloads\KGPT-main (2)\KGPT-main\app\build\intermediates\lint_intermediate_text_report\debug\lintReportDebug\lint-results-debug.txt

[Incubating] Problems report is available at: file:///C:/Users/Classic/Downloads/KGPT-main%20(2)/KGPT-main/build/reports/problems/problems-report.html

FAILURE: Build failed with an exception.

* What went wrong:
Execution failed for task ':app:lintDebug'.
> Lint found errors in the project; aborting build.
  
  Fix the issues identified by lint, or create a baseline to see only new errors.
  To create a baseline, run `gradlew updateLintBaseline` after adding the following to the module's build.gradle file:
  ```
  android {
      lint {
          baseline = file("lint-baseline.xml")
      }
  }

Deprecated Gradle features were used in this build, making it incompatible with Gradle 9.0.

You can use '--warning-mode all' to show the individual deprecation warnings and determine if they come from your own scripts or plugins.

For more on this, please refer to https://docs.gradle.org/8.14.2/userguide/command_line_interface.html#sec:command_line_warnings in the Gradle documentation.
27 actionable tasks: 10 executed, 17 up-to-date
  ```
  For more details, see https://developer.android.com/studio/write/lint#snapshot
  
  Lint found 2 errors, 820 warnings. First failure:
  
  C:\Users\Classic\Downloads\KGPT-main (2)\KGPT-main\app\src\main\java\tn\eluea\kgpt\hook\TextSelectionHook.java:282: 
Error: resultReceiver is missing RECEIVER_EXPORTED or RECEIVER_NOT_EXPORTED flag for unprotected broadcasts registered 
for tn.eluea.kgpt.TEXT_ACTION_RESPONSE [UnspecifiedRegisterReceiverFlag]
                  context.registerReceiver(resultReceiver, filter);
                  ~~~~~~~~~~~~~~~~~~~~~~~~~~~~~~~~~~~~~~~~~~~~~~~~
  
  The full lint text report is located at:
    C:\Users\Classic\Downloads\KGPT-main 
(2)\KGPT-main\app\build\intermediates\lint_intermediate_text_report\debug\lintReportDebug\lint-results-debug.txt

* Try:
> Run with --stacktrace option to get the stack trace.
> Run with --info or --debug option to get more log output.
> Run with --scan to get full insights.
> Get more help at https://help.gradle.org.

BUILD FAILED in 1m 50s
